-------------------------------------------------------------------------------
Test set: miw.service.authentication.AuthenticationServiceTest
-------------------------------------------------------------------------------
Tests run: 1, Failures: 0, Errors: 1, Skipped: 0, Time elapsed: 0.012 s <<< FAILURE! - in miw.service.authentication.AuthenticationServiceTest
miw.service.authentication.AuthenticationServiceTest  Time elapsed: 0.012 s  <<< ERROR!
java.lang.IllegalStateException: Unable to find a @SpringBootConfiguration, you need to use @ContextConfiguration or @SpringBootTest(classes=...) with your test

